<?xml version="1.0" encoding="UTF-8"?>
<testsuite xmlns:xsi="http://www.w3.org/2001/XMLSchema-instance" xsi:noNamespaceSchemaLocation="https://maven.apache.org/surefire/maven-surefire-plugin/xsd/surefire-test-report-3.0.xsd" version="3.0" name="dev.cerbos.spring.CerbosEvaluationServiceTest" time="0.304" tests="4" errors="0" skipped="0" failures="0">
  <properties>
    <property name="java.specification.version" value="21"/>
    <property name="sun.jnu.encoding" value="UTF-8"/>
    <property name="java.class.path" value="/Users/aoesterer/Code/cerbos-spring/cerbos-spring-authorization/target/test-classes:/Users/aoesterer/Code/cerbos-spring/cerbos-spring-authorization/target/classes:/Users/aoesterer/Code/cerbos-spring/./.m2/dev/cerbos/cerbos-sdk-java/0.15.1/cerbos-sdk-java-0.15.1.jar:/Users/aoesterer/Code/cerbos-spring/./.m2/com/google/protobuf/protobuf-java/4.29.3/protobuf-java-4.29.3.jar:/Users/aoesterer/Code/cerbos-spring/./.m2/com/google/protobuf/protobuf-java-util/4.29.3/protobuf-java-util-4.29.3.jar:/Users/aoesterer/Code/cerbos-spring/./.m2/com/google/code/findbugs/jsr305/3.0.2/jsr305-3.0.2.jar:/Users/aoesterer/Code/cerbos-spring/./.m2/com/google/j2objc/j2objc-annotations/2.8/j2objc-annotations-2.8.jar:/Users/aoesterer/Code/cerbos-spring/./.m2/io/grpc/grpc-protobuf/1.70.0/grpc-protobuf-1.70.0.jar:/Users/aoesterer/Code/cerbos-spring/./.m2/com/google/api/grpc/proto-google-common-protos/2.48.0/proto-google-common-protos-2.48.0.jar:/Users/aoesterer/Code/cerbos-spring/./.m2/io/grpc/grpc-protobuf-lite/1.70.0/grpc-protobuf-lite-1.70.0.jar:/Users/aoesterer/Code/cerbos-spring/./.m2/io/grpc/grpc-stub/1.70.0/grpc-stub-1.70.0.jar:/Users/aoesterer/Code/cerbos-spring/./.m2/io/grpc/grpc-netty-shaded/1.70.0/grpc-netty-shaded-1.70.0.jar:/Users/aoesterer/Code/cerbos-spring/./.m2/io/grpc/grpc-util/1.70.0/grpc-util-1.70.0.jar:/Users/aoesterer/Code/cerbos-spring/./.m2/io/netty/netty-tcnative-boringssl-static/2.0.65.Final/netty-tcnative-boringssl-static-2.0.65.Final.jar:/Users/aoesterer/Code/cerbos-spring/./.m2/io/netty/netty-tcnative-classes/2.0.65.Final/netty-tcnative-classes-2.0.65.Final.jar:/Users/aoesterer/Code/cerbos-spring/./.m2/io/netty/netty-tcnative-boringssl-static/2.0.65.Final/netty-tcnative-boringssl-static-2.0.65.Final-linux-x86_64.jar:/Users/aoesterer/Code/cerbos-spring/./.m2/io/netty/netty-tcnative-boringssl-static/2.0.65.Final/netty-tcnative-boringssl-static-2.0.65.Final-linux-aarch_64.jar:/Users/aoesterer/Code/cerbos-spring/./.m2/io/netty/netty-tcnative-boringssl-static/2.0.65.Final/netty-tcnative-boringssl-static-2.0.65.Final-osx-x86_64.jar:/Users/aoesterer/Code/cerbos-spring/./.m2/io/netty/netty-tcnative-boringssl-static/2.0.65.Final/netty-tcnative-boringssl-static-2.0.65.Final-osx-aarch_64.jar:/Users/aoesterer/Code/cerbos-spring/./.m2/io/netty/netty-tcnative-boringssl-static/2.0.65.Final/netty-tcnative-boringssl-static-2.0.65.Final-windows-x86_64.jar:/Users/aoesterer/Code/cerbos-spring/./.m2/org/testcontainers/testcontainers/1.19.8/testcontainers-1.19.8.jar:/Users/aoesterer/Code/cerbos-spring/./.m2/junit/junit/4.13.2/junit-4.13.2.jar:/Users/aoesterer/Code/cerbos-spring/./.m2/org/hamcrest/hamcrest-core/2.2/hamcrest-core-2.2.jar:/Users/aoesterer/Code/cerbos-spring/./.m2/org/apache/commons/commons-compress/1.24.0/commons-compress-1.24.0.jar:/Users/aoesterer/Code/cerbos-spring/./.m2/org/rnorth/duct-tape/duct-tape/1.0.8/duct-tape-1.0.8.jar:/Users/aoesterer/Code/cerbos-spring/./.m2/org/jetbrains/annotations/17.0.0/annotations-17.0.0.jar:/Users/aoesterer/Code/cerbos-spring/./.m2/com/github/docker-java/docker-java-api/3.3.6/docker-java-api-3.3.6.jar:/Users/aoesterer/Code/cerbos-spring/./.m2/com/fasterxml/jackson/core/jackson-annotations/2.17.2/jackson-annotations-2.17.2.jar:/Users/aoesterer/Code/cerbos-spring/./.m2/com/github/docker-java/docker-java-transport-zerodep/3.3.6/docker-java-transport-zerodep-3.3.6.jar:/Users/aoesterer/Code/cerbos-spring/./.m2/com/github/docker-java/docker-java-transport/3.3.6/docker-java-transport-3.3.6.jar:/Users/aoesterer/Code/cerbos-spring/./.m2/net/java/dev/jna/jna/5.13.0/jna-5.13.0.jar:/Users/aoesterer/Code/cerbos-spring/./.m2/build/buf/protoc-gen-validate/pgv-java-stub/1.2.1/pgv-java-stub-1.2.1.jar:/Users/aoesterer/Code/cerbos-spring/./.m2/com/google/re2j/re2j/1.7/re2j-1.7.jar:/Users/aoesterer/Code/cerbos-spring/./.m2/commons-validator/commons-validator/1.9.0/commons-validator-1.9.0.jar:/Users/aoesterer/Code/cerbos-spring/./.m2/commons-io/commons-io/2.18.0/commons-io-2.18.0.jar:/Users/aoesterer/Code/cerbos-spring/./.m2/io/grpc/grpc-core/1.65.1/grpc-core-1.65.1.jar:/Users/aoesterer/Code/cerbos-spring/./.m2/io/grpc/grpc-api/1.65.1/grpc-api-1.65.1.jar:/Users/aoesterer/Code/cerbos-spring/./.m2/com/google/code/gson/gson/2.10.1/gson-2.10.1.jar:/Users/aoesterer/Code/cerbos-spring/./.m2/com/google/android/annotations/4.1.1.4/annotations-4.1.1.4.jar:/Users/aoesterer/Code/cerbos-spring/./.m2/org/codehaus/mojo/animal-sniffer-annotations/1.23/animal-sniffer-annotations-1.23.jar:/Users/aoesterer/Code/cerbos-spring/./.m2/com/google/errorprone/error_prone_annotations/2.23.0/error_prone_annotations-2.23.0.jar:/Users/aoesterer/Code/cerbos-spring/./.m2/com/google/guava/guava/32.1.3-android/guava-32.1.3-android.jar:/Users/aoesterer/Code/cerbos-spring/./.m2/com/google/guava/failureaccess/1.0.1/failureaccess-1.0.1.jar:/Users/aoesterer/Code/cerbos-spring/./.m2/com/google/guava/listenablefuture/9999.0-empty-to-avoid-conflict-with-guava/listenablefuture-9999.0-empty-to-avoid-conflict-with-guava.jar:/Users/aoesterer/Code/cerbos-spring/./.m2/org/checkerframework/checker-qual/3.37.0/checker-qual-3.37.0.jar:/Users/aoesterer/Code/cerbos-spring/./.m2/io/perfmark/perfmark-api/0.26.0/perfmark-api-0.26.0.jar:/Users/aoesterer/Code/cerbos-spring/./.m2/io/grpc/grpc-context/1.65.1/grpc-context-1.65.1.jar:/Users/aoesterer/Code/cerbos-spring/./.m2/org/springframework/boot/spring-boot-autoconfigure/3.3.3/spring-boot-autoconfigure-3.3.3.jar:/Users/aoesterer/Code/cerbos-spring/./.m2/org/springframework/boot/spring-boot/3.3.3/spring-boot-3.3.3.jar:/Users/aoesterer/Code/cerbos-spring/./.m2/org/springframework/spring-context/6.1.12/spring-context-6.1.12.jar:/Users/aoesterer/Code/cerbos-spring/./.m2/org/springframework/spring-aop/6.1.12/spring-aop-6.1.12.jar:/Users/aoesterer/Code/cerbos-spring/./.m2/org/springframework/spring-beans/6.1.12/spring-beans-6.1.12.jar:/Users/aoesterer/Code/cerbos-spring/./.m2/org/springframework/spring-core/6.1.12/spring-core-6.1.12.jar:/Users/aoesterer/Code/cerbos-spring/./.m2/org/springframework/spring-jcl/6.1.12/spring-jcl-6.1.12.jar:/Users/aoesterer/Code/cerbos-spring/./.m2/org/springframework/spring-expression/6.1.12/spring-expression-6.1.12.jar:/Users/aoesterer/Code/cerbos-spring/./.m2/io/micrometer/micrometer-observation/1.13.3/micrometer-observation-1.13.3.jar:/Users/aoesterer/Code/cerbos-spring/./.m2/io/micrometer/micrometer-commons/1.13.3/micrometer-commons-1.13.3.jar:/Users/aoesterer/Code/cerbos-spring/./.m2/org/springframework/security/spring-security-config/6.3.3/spring-security-config-6.3.3.jar:/Users/aoesterer/Code/cerbos-spring/./.m2/org/springframework/security/spring-security-core/6.3.3/spring-security-core-6.3.3.jar:/Users/aoesterer/Code/cerbos-spring/./.m2/org/springframework/security/spring-security-crypto/6.3.3/spring-security-crypto-6.3.3.jar:/Users/aoesterer/Code/cerbos-spring/./.m2/org/springframework/security/spring-security-web/6.3.3/spring-security-web-6.3.3.jar:/Users/aoesterer/Code/cerbos-spring/./.m2/org/springframework/spring-web/6.1.12/spring-web-6.1.12.jar:/Users/aoesterer/Code/cerbos-spring/./.m2/org/slf4j/slf4j-api/2.0.16/slf4j-api-2.0.16.jar:/Users/aoesterer/Code/cerbos-spring/./.m2/jakarta/servlet/jakarta.servlet-api/6.0.0/jakarta.servlet-api-6.0.0.jar:/Users/aoesterer/Code/cerbos-spring/./.m2/org/springframework/boot/spring-boot-configuration-processor/3.3.3/spring-boot-configuration-processor-3.3.3.jar:/Users/aoesterer/Code/cerbos-spring/./.m2/org/springframework/boot/spring-boot-starter-test/3.3.3/spring-boot-starter-test-3.3.3.jar:/Users/aoesterer/Code/cerbos-spring/./.m2/org/springframework/boot/spring-boot-starter/3.3.3/spring-boot-starter-3.3.3.jar:/Users/aoesterer/Code/cerbos-spring/./.m2/org/springframework/boot/spring-boot-starter-logging/3.3.3/spring-boot-starter-logging-3.3.3.jar:/Users/aoesterer/Code/cerbos-spring/./.m2/ch/qos/logback/logback-classic/1.5.7/logback-classic-1.5.7.jar:/Users/aoesterer/Code/cerbos-spring/./.m2/ch/qos/logback/logback-core/1.5.7/logback-core-1.5.7.jar:/Users/aoesterer/Code/cerbos-spring/./.m2/org/apache/logging/log4j/log4j-to-slf4j/2.23.1/log4j-to-slf4j-2.23.1.jar:/Users/aoesterer/Code/cerbos-spring/./.m2/org/apache/logging/log4j/log4j-api/2.23.1/log4j-api-2.23.1.jar:/Users/aoesterer/Code/cerbos-spring/./.m2/org/slf4j/jul-to-slf4j/2.0.16/jul-to-slf4j-2.0.16.jar:/Users/aoesterer/Code/cerbos-spring/./.m2/jakarta/annotation/jakarta.annotation-api/2.1.1/jakarta.annotation-api-2.1.1.jar:/Users/aoesterer/Code/cerbos-spring/./.m2/org/yaml/snakeyaml/2.2/snakeyaml-2.2.jar:/Users/aoesterer/Code/cerbos-spring/./.m2/org/springframework/boot/spring-boot-test/3.3.3/spring-boot-test-3.3.3.jar:/Users/aoesterer/Code/cerbos-spring/./.m2/org/springframework/boot/spring-boot-test-autoconfigure/3.3.3/spring-boot-test-autoconfigure-3.3.3.jar:/Users/aoesterer/Code/cerbos-spring/./.m2/com/jayway/jsonpath/json-path/2.9.0/json-path-2.9.0.jar:/Users/aoesterer/Code/cerbos-spring/./.m2/jakarta/xml/bind/jakarta.xml.bind-api/4.0.2/jakarta.xml.bind-api-4.0.2.jar:/Users/aoesterer/Code/cerbos-spring/./.m2/jakarta/activation/jakarta.activation-api/2.1.3/jakarta.activation-api-2.1.3.jar:/Users/aoesterer/Code/cerbos-spring/./.m2/net/minidev/json-smart/2.5.1/json-smart-2.5.1.jar:/Users/aoesterer/Code/cerbos-spring/./.m2/net/minidev/accessors-smart/2.5.1/accessors-smart-2.5.1.jar:/Users/aoesterer/Code/cerbos-spring/./.m2/org/ow2/asm/asm/9.6/asm-9.6.jar:/Users/aoesterer/Code/cerbos-spring/./.m2/org/assertj/assertj-core/3.25.3/assertj-core-3.25.3.jar:/Users/aoesterer/Code/cerbos-spring/./.m2/org/awaitility/awaitility/4.2.2/awaitility-4.2.2.jar:/Users/aoesterer/Code/cerbos-spring/./.m2/org/hamcrest/hamcrest/2.2/hamcrest-2.2.jar:/Users/aoesterer/Code/cerbos-spring/./.m2/org/junit/jupiter/junit-jupiter/5.10.3/junit-jupiter-5.10.3.jar:/Users/aoesterer/Code/cerbos-spring/./.m2/org/junit/jupiter/junit-jupiter-api/5.10.3/junit-jupiter-api-5.10.3.jar:/Users/aoesterer/Code/cerbos-spring/./.m2/org/opentest4j/opentest4j/1.3.0/opentest4j-1.3.0.jar:/Users/aoesterer/Code/cerbos-spring/./.m2/org/junit/platform/junit-platform-commons/1.10.3/junit-platform-commons-1.10.3.jar:/Users/aoesterer/Code/cerbos-spring/./.m2/org/apiguardian/apiguardian-api/1.1.2/apiguardian-api-1.1.2.jar:/Users/aoesterer/Code/cerbos-spring/./.m2/org/junit/jupiter/junit-jupiter-params/5.10.3/junit-jupiter-params-5.10.3.jar:/Users/aoesterer/Code/cerbos-spring/./.m2/org/junit/jupiter/junit-jupiter-engine/5.10.3/junit-jupiter-engine-5.10.3.jar:/Users/aoesterer/Code/cerbos-spring/./.m2/org/junit/platform/junit-platform-engine/1.10.3/junit-platform-engine-1.10.3.jar:/Users/aoesterer/Code/cerbos-spring/./.m2/org/mockito/mockito-junit-jupiter/5.11.0/mockito-junit-jupiter-5.11.0.jar:/Users/aoesterer/Code/cerbos-spring/./.m2/org/skyscreamer/jsonassert/1.5.3/jsonassert-1.5.3.jar:/Users/aoesterer/Code/cerbos-spring/./.m2/com/vaadin/external/google/android-json/0.0.20131108.vaadin1/android-json-0.0.20131108.vaadin1.jar:/Users/aoesterer/Code/cerbos-spring/./.m2/org/springframework/spring-test/6.1.12/spring-test-6.1.12.jar:/Users/aoesterer/Code/cerbos-spring/./.m2/org/xmlunit/xmlunit-core/2.9.1/xmlunit-core-2.9.1.jar:/Users/aoesterer/Code/cerbos-spring/./.m2/org/mockito/mockito-core/5.11.0/mockito-core-5.11.0.jar:/Users/aoesterer/Code/cerbos-spring/./.m2/net/bytebuddy/byte-buddy/1.14.19/byte-buddy-1.14.19.jar:/Users/aoesterer/Code/cerbos-spring/./.m2/net/bytebuddy/byte-buddy-agent/1.14.19/byte-buddy-agent-1.14.19.jar:/Users/aoesterer/Code/cerbos-spring/./.m2/org/objenesis/objenesis/3.3/objenesis-3.3.jar:/Users/aoesterer/Code/cerbos-spring/./.m2/org/springframework/security/spring-security-test/6.3.3/spring-security-test-6.3.3.jar:"/>
    <property name="java.vm.vendor" value="Amazon.com Inc."/>
    <property name="sun.arch.data.model" value="64"/>
    <property name="java.vendor.url" value="https://aws.amazon.com/corretto/"/>
    <property name="user.timezone" value="America/Los_Angeles"/>
    <property name="os.name" value="Mac OS X"/>
    <property name="java.vm.specification.version" value="21"/>
    <property name="sun.java.launcher" value="SUN_STANDARD"/>
    <property name="user.country" value="US"/>
    <property name="sun.boot.library.path" value="/Users/aoesterer/.sdkman/candidates/java/21.0.6-amzn/lib"/>
    <property name="sun.java.command" value="/Users/aoesterer/Code/cerbos-spring/cerbos-spring-authorization/target/surefire/surefirebooter-20251025165744938_3.jar /Users/aoesterer/Code/cerbos-spring/cerbos-spring-authorization/target/surefire 2025-10-25T16-57-43_979-jvmRun1 surefire-20251025165744938_1tmp surefire_0-20251025165744938_2tmp"/>
    <property name="http.nonProxyHosts" value="local|*.local|169.254/16|*.169.254/16"/>
    <property name="jdk.debug" value="release"/>
    <property name="surefire.test.class.path" value="/Users/aoesterer/Code/cerbos-spring/cerbos-spring-authorization/target/test-classes:/Users/aoesterer/Code/cerbos-spring/cerbos-spring-authorization/target/classes:/Users/aoesterer/Code/cerbos-spring/./.m2/dev/cerbos/cerbos-sdk-java/0.15.1/cerbos-sdk-java-0.15.1.jar:/Users/aoesterer/Code/cerbos-spring/./.m2/com/google/protobuf/protobuf-java/4.29.3/protobuf-java-4.29.3.jar:/Users/aoesterer/Code/cerbos-spring/./.m2/com/google/protobuf/protobuf-java-util/4.29.3/protobuf-java-util-4.29.3.jar:/Users/aoesterer/Code/cerbos-spring/./.m2/com/google/code/findbugs/jsr305/3.0.2/jsr305-3.0.2.jar:/Users/aoesterer/Code/cerbos-spring/./.m2/com/google/j2objc/j2objc-annotations/2.8/j2objc-annotations-2.8.jar:/Users/aoesterer/Code/cerbos-spring/./.m2/io/grpc/grpc-protobuf/1.70.0/grpc-protobuf-1.70.0.jar:/Users/aoesterer/Code/cerbos-spring/./.m2/com/google/api/grpc/proto-google-common-protos/2.48.0/proto-google-common-protos-2.48.0.jar:/Users/aoesterer/Code/cerbos-spring/./.m2/io/grpc/grpc-protobuf-lite/1.70.0/grpc-protobuf-lite-1.70.0.jar:/Users/aoesterer/Code/cerbos-spring/./.m2/io/grpc/grpc-stub/1.70.0/grpc-stub-1.70.0.jar:/Users/aoesterer/Code/cerbos-spring/./.m2/io/grpc/grpc-netty-shaded/1.70.0/grpc-netty-shaded-1.70.0.jar:/Users/aoesterer/Code/cerbos-spring/./.m2/io/grpc/grpc-util/1.70.0/grpc-util-1.70.0.jar:/Users/aoesterer/Code/cerbos-spring/./.m2/io/netty/netty-tcnative-boringssl-static/2.0.65.Final/netty-tcnative-boringssl-static-2.0.65.Final.jar:/Users/aoesterer/Code/cerbos-spring/./.m2/io/netty/netty-tcnative-classes/2.0.65.Final/netty-tcnative-classes-2.0.65.Final.jar:/Users/aoesterer/Code/cerbos-spring/./.m2/io/netty/netty-tcnative-boringssl-static/2.0.65.Final/netty-tcnative-boringssl-static-2.0.65.Final-linux-x86_64.jar:/Users/aoesterer/Code/cerbos-spring/./.m2/io/netty/netty-tcnative-boringssl-static/2.0.65.Final/netty-tcnative-boringssl-static-2.0.65.Final-linux-aarch_64.jar:/Users/aoesterer/Code/cerbos-spring/./.m2/io/netty/netty-tcnative-boringssl-static/2.0.65.Final/netty-tcnative-boringssl-static-2.0.65.Final-osx-x86_64.jar:/Users/aoesterer/Code/cerbos-spring/./.m2/io/netty/netty-tcnative-boringssl-static/2.0.65.Final/netty-tcnative-boringssl-static-2.0.65.Final-osx-aarch_64.jar:/Users/aoesterer/Code/cerbos-spring/./.m2/io/netty/netty-tcnative-boringssl-static/2.0.65.Final/netty-tcnative-boringssl-static-2.0.65.Final-windows-x86_64.jar:/Users/aoesterer/Code/cerbos-spring/./.m2/org/testcontainers/testcontainers/1.19.8/testcontainers-1.19.8.jar:/Users/aoesterer/Code/cerbos-spring/./.m2/junit/junit/4.13.2/junit-4.13.2.jar:/Users/aoesterer/Code/cerbos-spring/./.m2/org/hamcrest/hamcrest-core/2.2/hamcrest-core-2.2.jar:/Users/aoesterer/Code/cerbos-spring/./.m2/org/apache/commons/commons-compress/1.24.0/commons-compress-1.24.0.jar:/Users/aoesterer/Code/cerbos-spring/./.m2/org/rnorth/duct-tape/duct-tape/1.0.8/duct-tape-1.0.8.jar:/Users/aoesterer/Code/cerbos-spring/./.m2/org/jetbrains/annotations/17.0.0/annotations-17.0.0.jar:/Users/aoesterer/Code/cerbos-spring/./.m2/com/github/docker-java/docker-java-api/3.3.6/docker-java-api-3.3.6.jar:/Users/aoesterer/Code/cerbos-spring/./.m2/com/fasterxml/jackson/core/jackson-annotations/2.17.2/jackson-annotations-2.17.2.jar:/Users/aoesterer/Code/cerbos-spring/./.m2/com/github/docker-java/docker-java-transport-zerodep/3.3.6/docker-java-transport-zerodep-3.3.6.jar:/Users/aoesterer/Code/cerbos-spring/./.m2/com/github/docker-java/docker-java-transport/3.3.6/docker-java-transport-3.3.6.jar:/Users/aoesterer/Code/cerbos-spring/./.m2/net/java/dev/jna/jna/5.13.0/jna-5.13.0.jar:/Users/aoesterer/Code/cerbos-spring/./.m2/build/buf/protoc-gen-validate/pgv-java-stub/1.2.1/pgv-java-stub-1.2.1.jar:/Users/aoesterer/Code/cerbos-spring/./.m2/com/google/re2j/re2j/1.7/re2j-1.7.jar:/Users/aoesterer/Code/cerbos-spring/./.m2/commons-validator/commons-validator/1.9.0/commons-validator-1.9.0.jar:/Users/aoesterer/Code/cerbos-spring/./.m2/commons-io/commons-io/2.18.0/commons-io-2.18.0.jar:/Users/aoesterer/Code/cerbos-spring/./.m2/io/grpc/grpc-core/1.65.1/grpc-core-1.65.1.jar:/Users/aoesterer/Code/cerbos-spring/./.m2/io/grpc/grpc-api/1.65.1/grpc-api-1.65.1.jar:/Users/aoesterer/Code/cerbos-spring/./.m2/com/google/code/gson/gson/2.10.1/gson-2.10.1.jar:/Users/aoesterer/Code/cerbos-spring/./.m2/com/google/android/annotations/4.1.1.4/annotations-4.1.1.4.jar:/Users/aoesterer/Code/cerbos-spring/./.m2/org/codehaus/mojo/animal-sniffer-annotations/1.23/animal-sniffer-annotations-1.23.jar:/Users/aoesterer/Code/cerbos-spring/./.m2/com/google/errorprone/error_prone_annotations/2.23.0/error_prone_annotations-2.23.0.jar:/Users/aoesterer/Code/cerbos-spring/./.m2/com/google/guava/guava/32.1.3-android/guava-32.1.3-android.jar:/Users/aoesterer/Code/cerbos-spring/./.m2/com/google/guava/failureaccess/1.0.1/failureaccess-1.0.1.jar:/Users/aoesterer/Code/cerbos-spring/./.m2/com/google/guava/listenablefuture/9999.0-empty-to-avoid-conflict-with-guava/listenablefuture-9999.0-empty-to-avoid-conflict-with-guava.jar:/Users/aoesterer/Code/cerbos-spring/./.m2/org/checkerframework/checker-qual/3.37.0/checker-qual-3.37.0.jar:/Users/aoesterer/Code/cerbos-spring/./.m2/io/perfmark/perfmark-api/0.26.0/perfmark-api-0.26.0.jar:/Users/aoesterer/Code/cerbos-spring/./.m2/io/grpc/grpc-context/1.65.1/grpc-context-1.65.1.jar:/Users/aoesterer/Code/cerbos-spring/./.m2/org/springframework/boot/spring-boot-autoconfigure/3.3.3/spring-boot-autoconfigure-3.3.3.jar:/Users/aoesterer/Code/cerbos-spring/./.m2/org/springframework/boot/spring-boot/3.3.3/spring-boot-3.3.3.jar:/Users/aoesterer/Code/cerbos-spring/./.m2/org/springframework/spring-context/6.1.12/spring-context-6.1.12.jar:/Users/aoesterer/Code/cerbos-spring/./.m2/org/springframework/spring-aop/6.1.12/spring-aop-6.1.12.jar:/Users/aoesterer/Code/cerbos-spring/./.m2/org/springframework/spring-beans/6.1.12/spring-beans-6.1.12.jar:/Users/aoesterer/Code/cerbos-spring/./.m2/org/springframework/spring-core/6.1.12/spring-core-6.1.12.jar:/Users/aoesterer/Code/cerbos-spring/./.m2/org/springframework/spring-jcl/6.1.12/spring-jcl-6.1.12.jar:/Users/aoesterer/Code/cerbos-spring/./.m2/org/springframework/spring-expression/6.1.12/spring-expression-6.1.12.jar:/Users/aoesterer/Code/cerbos-spring/./.m2/io/micrometer/micrometer-observation/1.13.3/micrometer-observation-1.13.3.jar:/Users/aoesterer/Code/cerbos-spring/./.m2/io/micrometer/micrometer-commons/1.13.3/micrometer-commons-1.13.3.jar:/Users/aoesterer/Code/cerbos-spring/./.m2/org/springframework/security/spring-security-config/6.3.3/spring-security-config-6.3.3.jar:/Users/aoesterer/Code/cerbos-spring/./.m2/org/springframework/security/spring-security-core/6.3.3/spring-security-core-6.3.3.jar:/Users/aoesterer/Code/cerbos-spring/./.m2/org/springframework/security/spring-security-crypto/6.3.3/spring-security-crypto-6.3.3.jar:/Users/aoesterer/Code/cerbos-spring/./.m2/org/springframework/security/spring-security-web/6.3.3/spring-security-web-6.3.3.jar:/Users/aoesterer/Code/cerbos-spring/./.m2/org/springframework/spring-web/6.1.12/spring-web-6.1.12.jar:/Users/aoesterer/Code/cerbos-spring/./.m2/org/slf4j/slf4j-api/2.0.16/slf4j-api-2.0.16.jar:/Users/aoesterer/Code/cerbos-spring/./.m2/jakarta/servlet/jakarta.servlet-api/6.0.0/jakarta.servlet-api-6.0.0.jar:/Users/aoesterer/Code/cerbos-spring/./.m2/org/springframework/boot/spring-boot-configuration-processor/3.3.3/spring-boot-configuration-processor-3.3.3.jar:/Users/aoesterer/Code/cerbos-spring/./.m2/org/springframework/boot/spring-boot-starter-test/3.3.3/spring-boot-starter-test-3.3.3.jar:/Users/aoesterer/Code/cerbos-spring/./.m2/org/springframework/boot/spring-boot-starter/3.3.3/spring-boot-starter-3.3.3.jar:/Users/aoesterer/Code/cerbos-spring/./.m2/org/springframework/boot/spring-boot-starter-logging/3.3.3/spring-boot-starter-logging-3.3.3.jar:/Users/aoesterer/Code/cerbos-spring/./.m2/ch/qos/logback/logback-classic/1.5.7/logback-classic-1.5.7.jar:/Users/aoesterer/Code/cerbos-spring/./.m2/ch/qos/logback/logback-core/1.5.7/logback-core-1.5.7.jar:/Users/aoesterer/Code/cerbos-spring/./.m2/org/apache/logging/log4j/log4j-to-slf4j/2.23.1/log4j-to-slf4j-2.23.1.jar:/Users/aoesterer/Code/cerbos-spring/./.m2/org/apache/logging/log4j/log4j-api/2.23.1/log4j-api-2.23.1.jar:/Users/aoesterer/Code/cerbos-spring/./.m2/org/slf4j/jul-to-slf4j/2.0.16/jul-to-slf4j-2.0.16.jar:/Users/aoesterer/Code/cerbos-spring/./.m2/jakarta/annotation/jakarta.annotation-api/2.1.1/jakarta.annotation-api-2.1.1.jar:/Users/aoesterer/Code/cerbos-spring/./.m2/org/yaml/snakeyaml/2.2/snakeyaml-2.2.jar:/Users/aoesterer/Code/cerbos-spring/./.m2/org/springframework/boot/spring-boot-test/3.3.3/spring-boot-test-3.3.3.jar:/Users/aoesterer/Code/cerbos-spring/./.m2/org/springframework/boot/spring-boot-test-autoconfigure/3.3.3/spring-boot-test-autoconfigure-3.3.3.jar:/Users/aoesterer/Code/cerbos-spring/./.m2/com/jayway/jsonpath/json-path/2.9.0/json-path-2.9.0.jar:/Users/aoesterer/Code/cerbos-spring/./.m2/jakarta/xml/bind/jakarta.xml.bind-api/4.0.2/jakarta.xml.bind-api-4.0.2.jar:/Users/aoesterer/Code/cerbos-spring/./.m2/jakarta/activation/jakarta.activation-api/2.1.3/jakarta.activation-api-2.1.3.jar:/Users/aoesterer/Code/cerbos-spring/./.m2/net/minidev/json-smart/2.5.1/json-smart-2.5.1.jar:/Users/aoesterer/Code/cerbos-spring/./.m2/net/minidev/accessors-smart/2.5.1/accessors-smart-2.5.1.jar:/Users/aoesterer/Code/cerbos-spring/./.m2/org/ow2/asm/asm/9.6/asm-9.6.jar:/Users/aoesterer/Code/cerbos-spring/./.m2/org/assertj/assertj-core/3.25.3/assertj-core-3.25.3.jar:/Users/aoesterer/Code/cerbos-spring/./.m2/org/awaitility/awaitility/4.2.2/awaitility-4.2.2.jar:/Users/aoesterer/Code/cerbos-spring/./.m2/org/hamcrest/hamcrest/2.2/hamcrest-2.2.jar:/Users/aoesterer/Code/cerbos-spring/./.m2/org/junit/jupiter/junit-jupiter/5.10.3/junit-jupiter-5.10.3.jar:/Users/aoesterer/Code/cerbos-spring/./.m2/org/junit/jupiter/junit-jupiter-api/5.10.3/junit-jupiter-api-5.10.3.jar:/Users/aoesterer/Code/cerbos-spring/./.m2/org/opentest4j/opentest4j/1.3.0/opentest4j-1.3.0.jar:/Users/aoesterer/Code/cerbos-spring/./.m2/org/junit/platform/junit-platform-commons/1.10.3/junit-platform-commons-1.10.3.jar:/Users/aoesterer/Code/cerbos-spring/./.m2/org/apiguardian/apiguardian-api/1.1.2/apiguardian-api-1.1.2.jar:/Users/aoesterer/Code/cerbos-spring/./.m2/org/junit/jupiter/junit-jupiter-params/5.10.3/junit-jupiter-params-5.10.3.jar:/Users/aoesterer/Code/cerbos-spring/./.m2/org/junit/jupiter/junit-jupiter-engine/5.10.3/junit-jupiter-engine-5.10.3.jar:/Users/aoesterer/Code/cerbos-spring/./.m2/org/junit/platform/junit-platform-engine/1.10.3/junit-platform-engine-1.10.3.jar:/Users/aoesterer/Code/cerbos-spring/./.m2/org/mockito/mockito-junit-jupiter/5.11.0/mockito-junit-jupiter-5.11.0.jar:/Users/aoesterer/Code/cerbos-spring/./.m2/org/skyscreamer/jsonassert/1.5.3/jsonassert-1.5.3.jar:/Users/aoesterer/Code/cerbos-spring/./.m2/com/vaadin/external/google/android-json/0.0.20131108.vaadin1/android-json-0.0.20131108.vaadin1.jar:/Users/aoesterer/Code/cerbos-spring/./.m2/org/springframework/spring-test/6.1.12/spring-test-6.1.12.jar:/Users/aoesterer/Code/cerbos-spring/./.m2/org/xmlunit/xmlunit-core/2.9.1/xmlunit-core-2.9.1.jar:/Users/aoesterer/Code/cerbos-spring/./.m2/org/mockito/mockito-core/5.11.0/mockito-core-5.11.0.jar:/Users/aoesterer/Code/cerbos-spring/./.m2/net/bytebuddy/byte-buddy/1.14.19/byte-buddy-1.14.19.jar:/Users/aoesterer/Code/cerbos-spring/./.m2/net/bytebuddy/byte-buddy-agent/1.14.19/byte-buddy-agent-1.14.19.jar:/Users/aoesterer/Code/cerbos-spring/./.m2/org/objenesis/objenesis/3.3/objenesis-3.3.jar:/Users/aoesterer/Code/cerbos-spring/./.m2/org/springframework/security/spring-security-test/6.3.3/spring-security-test-6.3.3.jar:"/>
    <property name="sun.cpu.endian" value="little"/>
    <property name="user.home" value="/Users/aoesterer"/>
    <property name="user.language" value="en"/>
    <property name="java.specification.vendor" value="Oracle Corporation"/>
    <property name="java.version.date" value="2025-01-21"/>
    <property name="java.home" value="/Users/aoesterer/.sdkman/candidates/java/21.0.6-amzn"/>
    <property name="file.separator" value="/"/>
    <property name="basedir" value="/Users/aoesterer/Code/cerbos-spring/cerbos-spring-authorization"/>
    <property name="java.vm.compressedOopsMode" value="Zero based"/>
    <property name="line.separator" value="&#10;"/>
    <property name="java.vm.specification.vendor" value="Oracle Corporation"/>
    <property name="java.specification.name" value="Java Platform API Specification"/>
    <property name="apple.awt.application.name" value="ForkedBooter"/>
    <property name="surefire.real.class.path" value="/Users/aoesterer/Code/cerbos-spring/cerbos-spring-authorization/target/surefire/surefirebooter-20251025165744938_3.jar"/>
    <property name="sun.management.compiler" value="HotSpot 64-Bit Tiered Compilers"/>
    <property name="ftp.nonProxyHosts" value="local|*.local|169.254/16|*.169.254/16"/>
    <property name="java.runtime.version" value="21.0.6+7-LTS"/>
    <property name="user.name" value="aoesterer"/>
    <property name="stdout.encoding" value="UTF-8"/>
    <property name="path.separator" value=":"/>
    <property name="os.version" value="15.6.1"/>
    <property name="java.runtime.name" value="OpenJDK Runtime Environment"/>
    <property name="file.encoding" value="UTF-8"/>
    <property name="java.vm.name" value="OpenJDK 64-Bit Server VM"/>
    <property name="java.vendor.version" value="Corretto-21.0.6.7.1"/>
    <property name="localRepository" value="/Users/aoesterer/Code/cerbos-spring/./.m2"/>
    <property name="java.vendor.url.bug" value="https://github.com/corretto/corretto-21/issues/"/>
    <property name="java.io.tmpdir" value="/var/folders/vm/5bwvszjx21n1v6ysthy8lgm40000gn/T/"/>
    <property name="java.version" value="21.0.6"/>
    <property name="user.dir" value="/Users/aoesterer/Code/cerbos-spring/cerbos-spring-authorization"/>
    <property name="os.arch" value="x86_64"/>
    <property name="java.vm.specification.name" value="Java Virtual Machine Specification"/>
    <property name="native.encoding" value="UTF-8"/>
    <property name="java.library.path" value="/Users/aoesterer/Library/Java/Extensions:/Library/Java/Extensions:/Network/Library/Java/Extensions:/System/Library/Java/Extensions:/usr/lib/java:."/>
    <property name="java.vm.info" value="mixed mode, sharing"/>
    <property name="stderr.encoding" value="UTF-8"/>
    <property name="java.vendor" value="Amazon.com Inc."/>
    <property name="java.vm.version" value="21.0.6+7-LTS"/>
    <property name="sun.io.unicode.encoding" value="UnicodeBig"/>
    <property name="maven.repo.local" value="./.m2"/>
    <property name="socksNonProxyHosts" value="local|*.local|169.254/16|*.169.254/16"/>
    <property name="java.class.version" value="65.0"/>
  </properties>
  <testcase name="shouldThrowAccessDeniedExceptionWhenCerbosFails" classname="dev.cerbos.spring.CerbosEvaluationServiceTest" time="0.13">
    <system-out><![CDATA[16:57:46.495 [main] ERROR dev.cerbos.spring.CerbosEvaluationService -- Unexpected error while invoking Cerbos for principal carol on resource document:/documents/beta action delete
java.lang.RuntimeException: down
	at dev.cerbos.sdk.CheckResourcesRequestBuilder.check(CheckResourcesRequestBuilder.java:82)
	at dev.cerbos.spring.CerbosEvaluationService.evaluate(CerbosEvaluationService.java:83)
	at dev.cerbos.spring.CerbosEvaluationService.isAuthorized(CerbosEvaluationService.java:33)
	at dev.cerbos.spring.CerbosEvaluationServiceTest.lambda$shouldThrowAccessDeniedExceptionWhenCerbosFails$0(CerbosEvaluationServiceTest.java:131)
	at org.assertj.core.api.ThrowableAssert.catchThrowable(ThrowableAssert.java:63)
	at org.assertj.core.api.AssertionsForClassTypes.catchThrowable(AssertionsForClassTypes.java:892)
	at org.assertj.core.api.Assertions.catchThrowable(Assertions.java:1365)
	at org.assertj.core.api.Assertions.assertThatThrownBy(Assertions.java:1209)
	at dev.cerbos.spring.CerbosEvaluationServiceTest.shouldThrowAccessDeniedExceptionWhenCerbosFails(CerbosEvaluationServiceTest.java:131)
	at java.base/jdk.internal.reflect.DirectMethodHandleAccessor.invoke(DirectMethodHandleAccessor.java:103)
	at java.base/java.lang.reflect.Method.invoke(Method.java:580)
	at org.junit.platform.commons.util.ReflectionUtils.invokeMethod(ReflectionUtils.java:728)
	at org.junit.jupiter.engine.execution.MethodInvocation.proceed(MethodInvocation.java:60)
	at org.junit.jupiter.engine.execution.InvocationInterceptorChain$ValidatingInvocation.proceed(InvocationInterceptorChain.java:131)
	at org.junit.jupiter.engine.extension.TimeoutExtension.intercept(TimeoutExtension.java:156)
	at org.junit.jupiter.engine.extension.TimeoutExtension.interceptTestableMethod(TimeoutExtension.java:147)
	at org.junit.jupiter.engine.extension.TimeoutExtension.interceptTestMethod(TimeoutExtension.java:86)
	at org.junit.jupiter.engine.execution.InterceptingExecutableInvoker$ReflectiveInterceptorCall.lambda$ofVoidMethod$0(InterceptingExecutableInvoker.java:103)
	at org.junit.jupiter.engine.execution.InterceptingExecutableInvoker.lambda$invoke$0(InterceptingExecutableInvoker.java:93)
	at org.junit.jupiter.engine.execution.InvocationInterceptorChain$InterceptedInvocation.proceed(InvocationInterceptorChain.java:106)
	at org.junit.jupiter.engine.execution.InvocationInterceptorChain.proceed(InvocationInterceptorChain.java:64)
	at org.junit.jupiter.engine.execution.InvocationInterceptorChain.chainAndInvoke(InvocationInterceptorChain.java:45)
	at org.junit.jupiter.engine.execution.InvocationInterceptorChain.invoke(InvocationInterceptorChain.java:37)
	at org.junit.jupiter.engine.execution.InterceptingExecutableInvoker.invoke(InterceptingExecutableInvoker.java:92)
	at org.junit.jupiter.engine.execution.InterceptingExecutableInvoker.invoke(InterceptingExecutableInvoker.java:86)
	at org.junit.jupiter.engine.descriptor.TestMethodTestDescriptor.lambda$invokeTestMethod$7(TestMethodTestDescriptor.java:218)
	at org.junit.platform.engine.support.hierarchical.ThrowableCollector.execute(ThrowableCollector.java:73)
	at org.junit.jupiter.engine.descriptor.TestMethodTestDescriptor.invokeTestMethod(TestMethodTestDescriptor.java:214)
	at org.junit.jupiter.engine.descriptor.TestMethodTestDescriptor.execute(TestMethodTestDescriptor.java:139)
	at org.junit.jupiter.engine.descriptor.TestMethodTestDescriptor.execute(TestMethodTestDescriptor.java:69)
	at org.junit.platform.engine.support.hierarchical.NodeTestTask.lambda$executeRecursively$6(NodeTestTask.java:151)
	at org.junit.platform.engine.support.hierarchical.ThrowableCollector.execute(ThrowableCollector.java:73)
	at org.junit.platform.engine.support.hierarchical.NodeTestTask.lambda$executeRecursively$8(NodeTestTask.java:141)
	at org.junit.platform.engine.support.hierarchical.Node.around(Node.java:137)
	at org.junit.platform.engine.support.hierarchical.NodeTestTask.lambda$executeRecursively$9(NodeTestTask.java:139)
	at org.junit.platform.engine.support.hierarchical.ThrowableCollector.execute(ThrowableCollector.java:73)
	at org.junit.platform.engine.support.hierarchical.NodeTestTask.executeRecursively(NodeTestTask.java:138)
	at org.junit.platform.engine.support.hierarchical.NodeTestTask.execute(NodeTestTask.java:95)
	at java.base/java.util.ArrayList.forEach(ArrayList.java:1596)
	at org.junit.platform.engine.support.hierarchical.SameThreadHierarchicalTestExecutorService.invokeAll(SameThreadHierarchicalTestExecutorService.java:41)
	at org.junit.platform.engine.support.hierarchical.NodeTestTask.lambda$executeRecursively$6(NodeTestTask.java:155)
	at org.junit.platform.engine.support.hierarchical.ThrowableCollector.execute(ThrowableCollector.java:73)
	at org.junit.platform.engine.support.hierarchical.NodeTestTask.lambda$executeRecursively$8(NodeTestTask.java:141)
	at org.junit.platform.engine.support.hierarchical.Node.around(Node.java:137)
	at org.junit.platform.engine.support.hierarchical.NodeTestTask.lambda$executeRecursively$9(NodeTestTask.java:139)
	at org.junit.platform.engine.support.hierarchical.ThrowableCollector.execute(ThrowableCollector.java:73)
	at org.junit.platform.engine.support.hierarchical.NodeTestTask.executeRecursively(NodeTestTask.java:138)
	at org.junit.platform.engine.support.hierarchical.NodeTestTask.execute(NodeTestTask.java:95)
	at java.base/java.util.ArrayList.forEach(ArrayList.java:1596)
	at org.junit.platform.engine.support.hierarchical.SameThreadHierarchicalTestExecutorService.invokeAll(SameThreadHierarchicalTestExecutorService.java:41)
	at org.junit.platform.engine.support.hierarchical.NodeTestTask.lambda$executeRecursively$6(NodeTestTask.java:155)
	at org.junit.platform.engine.support.hierarchical.ThrowableCollector.execute(ThrowableCollector.java:73)
	at org.junit.platform.engine.support.hierarchical.NodeTestTask.lambda$executeRecursively$8(NodeTestTask.java:141)
	at org.junit.platform.engine.support.hierarchical.Node.around(Node.java:137)
	at org.junit.platform.engine.support.hierarchical.NodeTestTask.lambda$executeRecursively$9(NodeTestTask.java:139)
	at org.junit.platform.engine.support.hierarchical.ThrowableCollector.execute(ThrowableCollector.java:73)
	at org.junit.platform.engine.support.hierarchical.NodeTestTask.executeRecursively(NodeTestTask.java:138)
	at org.junit.platform.engine.support.hierarchical.NodeTestTask.execute(NodeTestTask.java:95)
	at org.junit.platform.engine.support.hierarchical.SameThreadHierarchicalTestExecutorService.submit(SameThreadHierarchicalTestExecutorService.java:35)
	at org.junit.platform.engine.support.hierarchical.HierarchicalTestExecutor.execute(HierarchicalTestExecutor.java:57)
	at org.junit.platform.engine.support.hierarchical.HierarchicalTestEngine.execute(HierarchicalTestEngine.java:54)
	at org.junit.platform.launcher.core.EngineExecutionOrchestrator.execute(EngineExecutionOrchestrator.java:198)
	at org.junit.platform.launcher.core.EngineExecutionOrchestrator.execute(EngineExecutionOrchestrator.java:169)
	at org.junit.platform.launcher.core.EngineExecutionOrchestrator.execute(EngineExecutionOrchestrator.java:93)
	at org.junit.platform.launcher.core.EngineExecutionOrchestrator.lambda$execute$0(EngineExecutionOrchestrator.java:58)
	at org.junit.platform.launcher.core.EngineExecutionOrchestrator.withInterceptedStreams(EngineExecutionOrchestrator.java:141)
	at org.junit.platform.launcher.core.EngineExecutionOrchestrator.execute(EngineExecutionOrchestrator.java:57)
	at org.junit.platform.launcher.core.DefaultLauncher.execute(DefaultLauncher.java:103)
	at org.junit.platform.launcher.core.DefaultLauncher.execute(DefaultLauncher.java:85)
	at org.junit.platform.launcher.core.DelegatingLauncher.execute(DelegatingLauncher.java:47)
	at org.apache.maven.surefire.junitplatform.LazyLauncher.execute(LazyLauncher.java:56)
	at org.apache.maven.surefire.junitplatform.JUnitPlatformProvider.execute(JUnitPlatformProvider.java:184)
	at org.apache.maven.surefire.junitplatform.JUnitPlatformProvider.invokeAllTests(JUnitPlatformProvider.java:148)
	at org.apache.maven.surefire.junitplatform.JUnitPlatformProvider.invoke(JUnitPlatformProvider.java:122)
	at org.apache.maven.surefire.booter.ForkedBooter.runSuitesInProcess(ForkedBooter.java:385)
	at org.apache.maven.surefire.booter.ForkedBooter.execute(ForkedBooter.java:162)
	at org.apache.maven.surefire.booter.ForkedBooter.run(ForkedBooter.java:507)
	at org.apache.maven.surefire.booter.ForkedBooter.main(ForkedBooter.java:495)
]]></system-out>
  </testcase>
  <testcase name="shouldAuthorizeWhenCerbosAllowsAction" classname="dev.cerbos.spring.CerbosEvaluationServiceTest" time="0.159"/>
  <testcase name="shouldReturnFalseWhenActionDenied" classname="dev.cerbos.spring.CerbosEvaluationServiceTest" time="0.003"/>
  <testcase name="shouldPropagatePolicyVersionOverride" classname="dev.cerbos.spring.CerbosEvaluationServiceTest" time="0.003"/>
</testsuite>